<?xml version="1.0" encoding="UTF-8"?>
<testsuite name="com.dmg.trie.DmgTrieImplTest" tests="38" skipped="1" failures="0" errors="0" timestamp="2016-07-06T14:43:28" hostname="jiehua-node1" time="0.068">
  <properties/>
  <testcase name="TestTrieRootCopy" classname="com.dmg.trie.DmgTrieImplTest" time="0.004"/>
  <testcase name="testTrieEquals" classname="com.dmg.trie.DmgTrieImplTest" time="0.001"/>
  <testcase name="testTrieCopy" classname="com.dmg.trie.DmgTrieImplTest" time="0.0"/>
  <testcase name="testTrieUndo" classname="com.dmg.trie.DmgTrieImplTest" time="0.001"/>
  <testcase name="testUpdateLongToLongString" classname="com.dmg.trie.DmgTrieImplTest" time="0.001"/>
  <testcase name="testInsertLongString" classname="com.dmg.trie.DmgTrieImplTest" time="0.0"/>
  <testcase name="TestDelete1" classname="com.dmg.trie.DmgTrieImplTest" time="0.001"/>
  <testcase name="testDeleteLongString1" classname="com.dmg.trie.DmgTrieImplTest" time="0.002"/>
  <testcase name="testGetFromRootNode" classname="com.dmg.trie.DmgTrieImplTest" time="0.0"/>
  <testcase name="TestTrieDirtyTracking" classname="com.dmg.trie.DmgTrieImplTest" time="0.001"/>
  <testcase name="testEmptyNode" classname="com.dmg.trie.DmgTrieImplTest" time="0.0"/>
  <testcase name="testUpdateShortToShortString" classname="com.dmg.trie.DmgTrieImplTest" time="0.0"/>
  <testcase name="testupdateLongToShortString" classname="com.dmg.trie.DmgTrieImplTest" time="0.001"/>
  <testcase name="testUpdateShortToLongString" classname="com.dmg.trie.DmgTrieImplTest" time="0.001"/>
  <testcase name="testDeleteAll" classname="com.dmg.trie.DmgTrieImplTest" time="0.001"/>
  <testcase name="TestRootHash" classname="com.dmg.trie.DmgTrieImplTest" time="0.0">
    <skipped/>
  </testcase>
  <testcase name="TestTrieReset" classname="com.dmg.trie.DmgTrieImplTest" time="0.0"/>
  <testcase name="testDeleteShortString1" classname="com.dmg.trie.DmgTrieImplTest" time="0.001"/>
  <testcase name="testInsertMultipleItems1" classname="com.dmg.trie.DmgTrieImplTest" time="0.001"/>
  <testcase name="testInsertMultipleItems2" classname="com.dmg.trie.DmgTrieImplTest" time="0.001"/>
  <testcase name="testInsertShortString" classname="com.dmg.trie.DmgTrieImplTest" time="0.001"/>
  <testcase name="TestObject_field10" classname="com.dmg.trie.DmgTrieImplTest" time="0.001"/>
  <testcase name="TestObject_field11" classname="com.dmg.trie.DmgTrieImplTest" time="0.003"/>
  <testcase name="TestObject_field12" classname="com.dmg.trie.DmgTrieImplTest" time="0.001"/>
  <testcase name="TestObject_field13" classname="com.dmg.trie.DmgTrieImplTest" time="0.002"/>
  <testcase name="TestObject_field14" classname="com.dmg.trie.DmgTrieImplTest" time="0.002"/>
  <testcase name="TestObject_field15" classname="com.dmg.trie.DmgTrieImplTest" time="0.001"/>
  <testcase name="TestObject_field16" classname="com.dmg.trie.DmgTrieImplTest" time="0.0"/>
  <testcase name="testEmptyKey" classname="com.dmg.trie.DmgTrieImplTest" time="0.0"/>
  <testcase name="TestObject_field1" classname="com.dmg.trie.DmgTrieImplTest" time="0.001"/>
  <testcase name="TestObject_field2" classname="com.dmg.trie.DmgTrieImplTest" time="0.002"/>
  <testcase name="TestObject_field3" classname="com.dmg.trie.DmgTrieImplTest" time="0.0"/>
  <testcase name="TestObject_field4" classname="com.dmg.trie.DmgTrieImplTest" time="0.001"/>
  <testcase name="TestObject_field5" classname="com.dmg.trie.DmgTrieImplTest" time="0.001"/>
  <testcase name="TestObject_field6" classname="com.dmg.trie.DmgTrieImplTest" time="0.002"/>
  <testcase name="TestObject_field7" classname="com.dmg.trie.DmgTrieImplTest" time="0.001"/>
  <testcase name="TestObject_field8" classname="com.dmg.trie.DmgTrieImplTest" time="0.001"/>
  <testcase name="TestObject_field9" classname="com.dmg.trie.DmgTrieImplTest" time="0.001"/>
  <system-out><![CDATA[]]></system-out>
  <system-err><![CDATA[]]></system-err>
</testsuite>
