<?xml version="1.0" encoding="UTF-8"?>
<testsuite name="com.dmg.util.ValueTest" tests="3" skipped="0" failures="0" errors="0" timestamp="2016-06-30T01:42:58" hostname="jiehua-node1" time="0.014">
  <properties/>
  <testcase name="testCmp" classname="com.dmg.util.ValueTest" time="0.006"/>
  <testcase name="testTypes" classname="com.dmg.util.ValueTest" time="0.001"/>
  <testcase name="longListRLPBug_1" classname="com.dmg.util.ValueTest" time="0.005"/>
  <system-out><![CDATA[]]></system-out>
  <system-err><![CDATA[]]></system-err>
</testsuite>
