<?xml version="1.0" encoding="UTF-8"?>
<testsuite name="com.dmg.vm.VMTest" tests="3" skipped="0" failures="0" errors="0" timestamp="2016-07-06T14:38:48" hostname="jiehua-node1" time="0.021">
  <properties/>
  <testcase name="RealTest" classname="com.dmg.vm.VMTest" time="0.015"/>
  <testcase name="LordCodeFromTrieTest" classname="com.dmg.vm.VMTest" time="0.004"/>
  <testcase name="LordCodeTest" classname="com.dmg.vm.VMTest" time="0.002"/>
  <system-out><![CDATA[count:2432
count1:484
count2:2432
com.dmg.vm.Project
initial:{"project_user":"10000000000000010000000000000000","invest_money":"0","contract_code":"cafebabe00000033001e070002010013636f6d2f646d672f766d2f436f6e74726163740700040100106a6176612f6c616e672f4f626a6563740100063c696e69743e010003282956010004436f64650a000300090c0005000601000f4c696e654e756d6265725461626c650100124c6f63616c5661726961626c655461626c65010004746869730100154c636f6d2f646d672f766d2f436f6e74726163743b0100077061796261636b09001000120700110100106a6176612f6c616e672f53797374656d0c001300140100036f75740100154c6a6176612f696f2f5072696e7453747265616d3b08000e0a001700190700180100136a6176612f696f2f5072696e7453747265616d0c001a001b0100077072696e746c6e010015284c6a6176612f6c616e672f537472696e673b295601000a536f7572636546696c6501000d436f6e74726163742e6a617661002100010003000000000002000100050006000100070000002f00010001000000052ab70008b100000002000a00000006000100000003000b0000000c000100000005000c000d00000001000e000600010007000000370002000100000009b2000f1215b60016b100000002000a0000000a00020000000500080006000b0000000c000100000009000c000d00000001001c00000002001d","money":"1","create_time":"0","projectID":"40000000000000010000000000000000","interest_period":"1","status":"1"}
purchase:{"amount":"1000","capital":"10","return_amount":"10","interest":"0.1","contractID":"40000000000000015000000000000001","invest_time":"0","userID":"10000000000000010000000000000000","cycle":"1","interest_time":"0","status":"1"}
com.dmg.vm.Programmer
name=====dmg
count-length:920
count-length:920
com.dmg.vm.Programmer
name=====wangfangdagg
count-length-re:920
]]></system-out>
  <system-err><![CDATA[]]></system-err>
</testsuite>
