<?xml version="1.0" encoding="UTF-8"?>
<testsuite name="com.dmg.trie.DmgTrieImplTest" tests="38" skipped="0" failures="1" errors="0" timestamp="2016-07-06T14:38:48" hostname="jiehua-node1" time="0.064">
  <properties/>
  <testcase name="TestTrieRootCopy" classname="com.dmg.trie.DmgTrieImplTest" time="0.004"/>
  <testcase name="testTrieEquals" classname="com.dmg.trie.DmgTrieImplTest" time="0.002"/>
  <testcase name="testTrieCopy" classname="com.dmg.trie.DmgTrieImplTest" time="0.0"/>
  <testcase name="testTrieUndo" classname="com.dmg.trie.DmgTrieImplTest" time="0.001"/>
  <testcase name="testUpdateLongToLongString" classname="com.dmg.trie.DmgTrieImplTest" time="0.002"/>
  <testcase name="testInsertLongString" classname="com.dmg.trie.DmgTrieImplTest" time="0.002"/>
  <testcase name="TestDelete1" classname="com.dmg.trie.DmgTrieImplTest" time="0.001"/>
  <testcase name="testDeleteLongString1" classname="com.dmg.trie.DmgTrieImplTest" time="0.002"/>
  <testcase name="testGetFromRootNode" classname="com.dmg.trie.DmgTrieImplTest" time="0.001"/>
  <testcase name="TestTrieDirtyTracking" classname="com.dmg.trie.DmgTrieImplTest" time="0.001"/>
  <testcase name="testEmptyNode" classname="com.dmg.trie.DmgTrieImplTest" time="0.0"/>
  <testcase name="testUpdateShortToShortString" classname="com.dmg.trie.DmgTrieImplTest" time="0.001"/>
  <testcase name="testupdateLongToShortString" classname="com.dmg.trie.DmgTrieImplTest" time="0.002"/>
  <testcase name="testUpdateShortToLongString" classname="com.dmg.trie.DmgTrieImplTest" time="0.001"/>
  <testcase name="testDeleteAll" classname="com.dmg.trie.DmgTrieImplTest" time="0.002"/>
  <testcase name="TestRootHash" classname="com.dmg.trie.DmgTrieImplTest" time="0.004">
    <failure message="java.lang.NullPointerException" type="java.lang.NullPointerException">java.lang.NullPointerException
	at com.dmg.datasource.LevelDbDataSource.get(LevelDbDataSource.java:139)
	at com.dmg.trie.DmgTrieImplTest.TestRootHash(DmgTrieImplTest.java:594)
	at sun.reflect.NativeMethodAccessorImpl.invoke0(Native Method)
	at sun.reflect.NativeMethodAccessorImpl.invoke(NativeMethodAccessorImpl.java:62)
	at sun.reflect.DelegatingMethodAccessorImpl.invoke(DelegatingMethodAccessorImpl.java:43)
	at java.lang.reflect.Method.invoke(Method.java:498)
	at org.junit.runners.model.FrameworkMethod$1.runReflectiveCall(FrameworkMethod.java:50)
	at org.junit.internal.runners.model.ReflectiveCallable.run(ReflectiveCallable.java:12)
	at org.junit.runners.model.FrameworkMethod.invokeExplosively(FrameworkMethod.java:47)
	at org.junit.internal.runners.statements.InvokeMethod.evaluate(InvokeMethod.java:17)
	at org.junit.internal.runners.statements.RunAfters.evaluate(RunAfters.java:27)
	at org.junit.runners.ParentRunner.runLeaf(ParentRunner.java:325)
	at org.junit.runners.BlockJUnit4ClassRunner.runChild(BlockJUnit4ClassRunner.java:78)
	at org.junit.runners.BlockJUnit4ClassRunner.runChild(BlockJUnit4ClassRunner.java:57)
	at org.junit.runners.ParentRunner$3.run(ParentRunner.java:290)
	at org.junit.runners.ParentRunner$1.schedule(ParentRunner.java:71)
	at org.junit.runners.ParentRunner.runChildren(ParentRunner.java:288)
	at org.junit.runners.ParentRunner.access$000(ParentRunner.java:58)
	at org.junit.runners.ParentRunner$2.evaluate(ParentRunner.java:268)
	at org.junit.runners.ParentRunner.run(ParentRunner.java:363)
	at org.gradle.api.internal.tasks.testing.junit.JUnitTestClassExecuter.runTestClass(JUnitTestClassExecuter.java:114)
	at org.gradle.api.internal.tasks.testing.junit.JUnitTestClassExecuter.execute(JUnitTestClassExecuter.java:57)
	at org.gradle.api.internal.tasks.testing.junit.JUnitTestClassProcessor.processTestClass(JUnitTestClassProcessor.java:66)
	at org.gradle.api.internal.tasks.testing.SuiteTestClassProcessor.processTestClass(SuiteTestClassProcessor.java:51)
	at sun.reflect.NativeMethodAccessorImpl.invoke0(Native Method)
	at sun.reflect.NativeMethodAccessorImpl.invoke(NativeMethodAccessorImpl.java:62)
	at sun.reflect.DelegatingMethodAccessorImpl.invoke(DelegatingMethodAccessorImpl.java:43)
	at java.lang.reflect.Method.invoke(Method.java:498)
	at org.gradle.internal.dispatch.ReflectionDispatch.dispatch(ReflectionDispatch.java:35)
	at org.gradle.internal.dispatch.ReflectionDispatch.dispatch(ReflectionDispatch.java:24)
	at org.gradle.internal.dispatch.ContextClassLoaderDispatch.dispatch(ContextClassLoaderDispatch.java:32)
	at org.gradle.internal.dispatch.ProxyDispatchAdapter$DispatchingInvocationHandler.invoke(ProxyDispatchAdapter.java:93)
	at com.sun.proxy.$Proxy2.processTestClass(Unknown Source)
	at org.gradle.api.internal.tasks.testing.worker.TestWorker.processTestClass(TestWorker.java:109)
	at sun.reflect.NativeMethodAccessorImpl.invoke0(Native Method)
	at sun.reflect.NativeMethodAccessorImpl.invoke(NativeMethodAccessorImpl.java:62)
	at sun.reflect.DelegatingMethodAccessorImpl.invoke(DelegatingMethodAccessorImpl.java:43)
	at java.lang.reflect.Method.invoke(Method.java:498)
	at org.gradle.internal.dispatch.ReflectionDispatch.dispatch(ReflectionDispatch.java:35)
	at org.gradle.internal.dispatch.ReflectionDispatch.dispatch(ReflectionDispatch.java:24)
	at org.gradle.internal.remote.internal.hub.MessageHub$Handler.run(MessageHub.java:377)
	at org.gradle.internal.concurrent.ExecutorPolicy$CatchAndRecordFailures.onExecute(ExecutorPolicy.java:54)
	at org.gradle.internal.concurrent.StoppableExecutorImpl$1.run(StoppableExecutorImpl.java:40)
	at java.util.concurrent.ThreadPoolExecutor.runWorker(ThreadPoolExecutor.java:1142)
	at java.util.concurrent.ThreadPoolExecutor$Worker.run(ThreadPoolExecutor.java:617)
	at java.lang.Thread.run(Thread.java:745)
</failure>
  </testcase>
  <testcase name="TestTrieReset" classname="com.dmg.trie.DmgTrieImplTest" time="0.0"/>
  <testcase name="testDeleteShortString1" classname="com.dmg.trie.DmgTrieImplTest" time="0.001"/>
  <testcase name="testInsertMultipleItems1" classname="com.dmg.trie.DmgTrieImplTest" time="0.001"/>
  <testcase name="testInsertMultipleItems2" classname="com.dmg.trie.DmgTrieImplTest" time="0.002"/>
  <testcase name="testInsertShortString" classname="com.dmg.trie.DmgTrieImplTest" time="0.001"/>
  <testcase name="TestObject_field10" classname="com.dmg.trie.DmgTrieImplTest" time="0.001"/>
  <testcase name="TestObject_field11" classname="com.dmg.trie.DmgTrieImplTest" time="0.004"/>
  <testcase name="TestObject_field12" classname="com.dmg.trie.DmgTrieImplTest" time="0.002"/>
  <testcase name="TestObject_field13" classname="com.dmg.trie.DmgTrieImplTest" time="0.003"/>
  <testcase name="TestObject_field14" classname="com.dmg.trie.DmgTrieImplTest" time="0.001"/>
  <testcase name="TestObject_field15" classname="com.dmg.trie.DmgTrieImplTest" time="0.0"/>
  <testcase name="TestObject_field16" classname="com.dmg.trie.DmgTrieImplTest" time="0.0"/>
  <testcase name="testEmptyKey" classname="com.dmg.trie.DmgTrieImplTest" time="0.0"/>
  <testcase name="TestObject_field1" classname="com.dmg.trie.DmgTrieImplTest" time="0.001"/>
  <testcase name="TestObject_field2" classname="com.dmg.trie.DmgTrieImplTest" time="0.002"/>
  <testcase name="TestObject_field3" classname="com.dmg.trie.DmgTrieImplTest" time="0.0"/>
  <testcase name="TestObject_field4" classname="com.dmg.trie.DmgTrieImplTest" time="0.001"/>
  <testcase name="TestObject_field5" classname="com.dmg.trie.DmgTrieImplTest" time="0.0"/>
  <testcase name="TestObject_field6" classname="com.dmg.trie.DmgTrieImplTest" time="0.001"/>
  <testcase name="TestObject_field7" classname="com.dmg.trie.DmgTrieImplTest" time="0.0"/>
  <testcase name="TestObject_field8" classname="com.dmg.trie.DmgTrieImplTest" time="0.001"/>
  <testcase name="TestObject_field9" classname="com.dmg.trie.DmgTrieImplTest" time="0.0"/>
  <system-out><![CDATA[[B@17d72e1f
]]></system-out>
  <system-err><![CDATA[]]></system-err>
</testsuite>
