<?xml version="1.0" encoding="UTF-8"?>
<testsuite name="com.dmg.util.JsonTest" tests="1" skipped="0" failures="0" errors="0" timestamp="2016-07-05T02:28:28" hostname="jiehua-node1" time="0.111">
  <properties/>
  <testcase name="TestJsonMap" classname="com.dmg.util.JsonTest" time="0.111"/>
  <system-out><![CDATA[]]></system-out>
  <system-err><![CDATA[]]></system-err>
</testsuite>
